SF:F:\Projects\Rust\skillcapped-generator\src\app.rs
FN:46,_RNvMs_NtCsaEqTgPazcIc_21skillcapped_generator3appNtB4_3App11remove_char
FN:29,_RNvMs_NtCsaEqTgPazcIc_21skillcapped_generator3appNtB4_3App11reset_input
FN:77,_RNvMs_NtCsaEqTgPazcIc_21skillcapped_generator3appNtB4_3App13generate_code
FN:89,_RNvMs_NtCsaEqTgPazcIc_21skillcapped_generator3appNtB4_3App13validate_code
FN:135,_RNvMs_NtCsaEqTgPazcIc_21skillcapped_generator3appNtB4_3App14get_wa_configs
FN:50,_RNvMs_NtCsaEqTgPazcIc_21skillcapped_generator3appNtB4_3App14sanitize_input
FN:33,_RNvMs_NtCsaEqTgPazcIc_21skillcapped_generator3appNtB4_3App14toggle_version
FN:116,_RNvMs_NtCsaEqTgPazcIc_21skillcapped_generator3appNtB4_3App16get_addon_config
FN:123,_RNvMs_NtCsaEqTgPazcIc_21skillcapped_generator3appNtB4_3App20decode_import_string
FN:55,_RNvMs_NtCsaEqTgPazcIc_21skillcapped_generator3appNtB4_3App21is_valid_battlenet_id
FN:19,_RNvMs_NtCsaEqTgPazcIc_21skillcapped_generator3appNtB4_3App3new
FN:41,_RNvMs_NtCsaEqTgPazcIc_21skillcapped_generator3appNtB4_3App8add_char
FN:13,_RNvXNtCsaEqTgPazcIc_21skillcapped_generator3appNtB2_3AppNtNtCseoI69Q14PwV_4core7default7Default7default
FN:138,_RNCNvMs_NtCsaEqTgPazcIc_21skillcapped_generator3appNtB6_3App14get_wa_configs0B8_
FN:148,_RNCNvMs_NtCsaEqTgPazcIc_21skillcapped_generator3appNtB6_3App14get_wa_configss0_0B8_
FN:152,_RNCNvMs_NtCsaEqTgPazcIc_21skillcapped_generator3appNtB6_3App14get_wa_configss1_0B8_
FN:142,_RNCNvMs_NtCsaEqTgPazcIc_21skillcapped_generator3appNtB6_3App14get_wa_configss_0B8_
FN:52,_RNCNvMs_NtCsaEqTgPazcIc_21skillcapped_generator3appNtB6_3App14sanitize_input0B8_
FN:126,_RNCNvMs_NtCsaEqTgPazcIc_21skillcapped_generator3appNtB6_3App20decode_import_string0B8_
FN:130,_RNCNvMs_NtCsaEqTgPazcIc_21skillcapped_generator3appNtB6_3App20decode_import_strings_0B8_
FN:69,_RNCNvMs_NtCsaEqTgPazcIc_21skillcapped_generator3appNtB6_3App21is_valid_battlenet_id0B8_
FN:74,_RNCNvMs_NtCsaEqTgPazcIc_21skillcapped_generator3appNtB6_3App21is_valid_battlenet_ids_0B8_
FN:138,_RNCNvMs_NtCsgoF65WXF5Sm_21skillcapped_generator3appNtB6_3App14get_wa_configs0B8_
FN:148,_RNCNvMs_NtCsgoF65WXF5Sm_21skillcapped_generator3appNtB6_3App14get_wa_configss0_0B8_
FN:152,_RNCNvMs_NtCsgoF65WXF5Sm_21skillcapped_generator3appNtB6_3App14get_wa_configss1_0B8_
FN:142,_RNCNvMs_NtCsgoF65WXF5Sm_21skillcapped_generator3appNtB6_3App14get_wa_configss_0B8_
FN:52,_RNCNvMs_NtCsgoF65WXF5Sm_21skillcapped_generator3appNtB6_3App14sanitize_input0B8_
FN:126,_RNCNvMs_NtCsgoF65WXF5Sm_21skillcapped_generator3appNtB6_3App20decode_import_string0B8_
FN:130,_RNCNvMs_NtCsgoF65WXF5Sm_21skillcapped_generator3appNtB6_3App20decode_import_strings_0B8_
FN:69,_RNCNvMs_NtCsgoF65WXF5Sm_21skillcapped_generator3appNtB6_3App21is_valid_battlenet_id0B8_
FN:74,_RNCNvMs_NtCsgoF65WXF5Sm_21skillcapped_generator3appNtB6_3App21is_valid_battlenet_ids_0B8_
FN:46,_RNvMs_NtCsgoF65WXF5Sm_21skillcapped_generator3appNtB4_3App11remove_char
FN:29,_RNvMs_NtCsgoF65WXF5Sm_21skillcapped_generator3appNtB4_3App11reset_input
FN:77,_RNvMs_NtCsgoF65WXF5Sm_21skillcapped_generator3appNtB4_3App13generate_code
FN:89,_RNvMs_NtCsgoF65WXF5Sm_21skillcapped_generator3appNtB4_3App13validate_code
FN:135,_RNvMs_NtCsgoF65WXF5Sm_21skillcapped_generator3appNtB4_3App14get_wa_configs
FN:50,_RNvMs_NtCsgoF65WXF5Sm_21skillcapped_generator3appNtB4_3App14sanitize_input
FN:33,_RNvMs_NtCsgoF65WXF5Sm_21skillcapped_generator3appNtB4_3App14toggle_version
FN:116,_RNvMs_NtCsgoF65WXF5Sm_21skillcapped_generator3appNtB4_3App16get_addon_config
FN:123,_RNvMs_NtCsgoF65WXF5Sm_21skillcapped_generator3appNtB4_3App20decode_import_string
FN:55,_RNvMs_NtCsgoF65WXF5Sm_21skillcapped_generator3appNtB4_3App21is_valid_battlenet_id
FN:19,_RNvMs_NtCsgoF65WXF5Sm_21skillcapped_generator3appNtB4_3App3new
FN:41,_RNvMs_NtCsgoF65WXF5Sm_21skillcapped_generator3appNtB4_3App8add_char
FN:13,_RNvXNtCsgoF65WXF5Sm_21skillcapped_generator3appNtB2_3AppNtNtCseoI69Q14PwV_4core7default7Default7default
FN:138,_RNCNvMs_NtCsnNe3crDoqn_21skillcapped_generator3appNtB6_3App14get_wa_configs0B8_
FN:148,_RNCNvMs_NtCsnNe3crDoqn_21skillcapped_generator3appNtB6_3App14get_wa_configss0_0B8_
FN:152,_RNCNvMs_NtCsnNe3crDoqn_21skillcapped_generator3appNtB6_3App14get_wa_configss1_0B8_
FN:142,_RNCNvMs_NtCsnNe3crDoqn_21skillcapped_generator3appNtB6_3App14get_wa_configss_0B8_
FN:52,_RNCNvMs_NtCsnNe3crDoqn_21skillcapped_generator3appNtB6_3App14sanitize_input0B8_
FN:126,_RNCNvMs_NtCsnNe3crDoqn_21skillcapped_generator3appNtB6_3App20decode_import_string0B8_
FN:130,_RNCNvMs_NtCsnNe3crDoqn_21skillcapped_generator3appNtB6_3App20decode_import_strings_0B8_
FN:69,_RNCNvMs_NtCsnNe3crDoqn_21skillcapped_generator3appNtB6_3App21is_valid_battlenet_id0B8_
FN:74,_RNCNvMs_NtCsnNe3crDoqn_21skillcapped_generator3appNtB6_3App21is_valid_battlenet_ids_0B8_
FN:46,_RNvMs_NtCsnNe3crDoqn_21skillcapped_generator3appNtB4_3App11remove_char
FN:29,_RNvMs_NtCsnNe3crDoqn_21skillcapped_generator3appNtB4_3App11reset_input
FN:77,_RNvMs_NtCsnNe3crDoqn_21skillcapped_generator3appNtB4_3App13generate_code
FN:89,_RNvMs_NtCsnNe3crDoqn_21skillcapped_generator3appNtB4_3App13validate_code
FN:135,_RNvMs_NtCsnNe3crDoqn_21skillcapped_generator3appNtB4_3App14get_wa_configs
FN:50,_RNvMs_NtCsnNe3crDoqn_21skillcapped_generator3appNtB4_3App14sanitize_input
FN:33,_RNvMs_NtCsnNe3crDoqn_21skillcapped_generator3appNtB4_3App14toggle_version
FN:116,_RNvMs_NtCsnNe3crDoqn_21skillcapped_generator3appNtB4_3App16get_addon_config
FN:123,_RNvMs_NtCsnNe3crDoqn_21skillcapped_generator3appNtB4_3App20decode_import_string
FN:55,_RNvMs_NtCsnNe3crDoqn_21skillcapped_generator3appNtB4_3App21is_valid_battlenet_id
FN:19,_RNvMs_NtCsnNe3crDoqn_21skillcapped_generator3appNtB4_3App3new
FN:41,_RNvMs_NtCsnNe3crDoqn_21skillcapped_generator3appNtB4_3App8add_char
FN:13,_RNvXNtCsnNe3crDoqn_21skillcapped_generator3appNtB2_3AppNtNtCseoI69Q14PwV_4core7default7Default7default
FN:138,_RNCNvMs_NtCscC6JkBlrp9X_21skillcapped_generator3appNtB6_3App14get_wa_configs0B8_
FN:148,_RNCNvMs_NtCscC6JkBlrp9X_21skillcapped_generator3appNtB6_3App14get_wa_configss0_0B8_
FN:152,_RNCNvMs_NtCscC6JkBlrp9X_21skillcapped_generator3appNtB6_3App14get_wa_configss1_0B8_
FN:142,_RNCNvMs_NtCscC6JkBlrp9X_21skillcapped_generator3appNtB6_3App14get_wa_configss_0B8_
FN:126,_RNCNvMs_NtCscC6JkBlrp9X_21skillcapped_generator3appNtB6_3App20decode_import_string0B8_
FN:130,_RNCNvMs_NtCscC6JkBlrp9X_21skillcapped_generator3appNtB6_3App20decode_import_strings_0B8_
FN:89,_RNvMs_NtCscC6JkBlrp9X_21skillcapped_generator3appNtB4_3App13validate_code
FN:135,_RNvMs_NtCscC6JkBlrp9X_21skillcapped_generator3appNtB4_3App14get_wa_configs
FN:123,_RNvMs_NtCscC6JkBlrp9X_21skillcapped_generator3appNtB4_3App20decode_import_string
FN:13,_RNvXNtCscC6JkBlrp9X_21skillcapped_generator3appNtB2_3AppNtNtCseoI69Q14PwV_4core7default7Default7default
FN:52,_RNCNvMs_NtCscC6JkBlrp9X_21skillcapped_generator3appNtB6_3App14sanitize_input0B8_
FN:69,_RNCNvMs_NtCscC6JkBlrp9X_21skillcapped_generator3appNtB6_3App21is_valid_battlenet_id0B8_
FN:74,_RNCNvMs_NtCscC6JkBlrp9X_21skillcapped_generator3appNtB6_3App21is_valid_battlenet_ids_0B8_
FN:46,_RNvMs_NtCscC6JkBlrp9X_21skillcapped_generator3appNtB4_3App11remove_char
FN:29,_RNvMs_NtCscC6JkBlrp9X_21skillcapped_generator3appNtB4_3App11reset_input
FN:77,_RNvMs_NtCscC6JkBlrp9X_21skillcapped_generator3appNtB4_3App13generate_code
FN:50,_RNvMs_NtCscC6JkBlrp9X_21skillcapped_generator3appNtB4_3App14sanitize_input
FN:33,_RNvMs_NtCscC6JkBlrp9X_21skillcapped_generator3appNtB4_3App14toggle_version
FN:116,_RNvMs_NtCscC6JkBlrp9X_21skillcapped_generator3appNtB4_3App16get_addon_config
FN:55,_RNvMs_NtCscC6JkBlrp9X_21skillcapped_generator3appNtB4_3App21is_valid_battlenet_id
FN:19,_RNvMs_NtCscC6JkBlrp9X_21skillcapped_generator3appNtB4_3App3new
FN:41,_RNvMs_NtCscC6JkBlrp9X_21skillcapped_generator3appNtB4_3App8add_char
FNDA:22,_RNvMs_NtCsaEqTgPazcIc_21skillcapped_generator3appNtB4_3App11remove_char
FNDA:32,_RNvMs_NtCsaEqTgPazcIc_21skillcapped_generator3appNtB4_3App11reset_input
FNDA:32,_RNvMs_NtCsaEqTgPazcIc_21skillcapped_generator3appNtB4_3App13generate_code
FNDA:8,_RNvMs_NtCsaEqTgPazcIc_21skillcapped_generator3appNtB4_3App13validate_code
FNDA:2,_RNvMs_NtCsaEqTgPazcIc_21skillcapped_generator3appNtB4_3App14get_wa_configs
FNDA:12,_RNvMs_NtCsaEqTgPazcIc_21skillcapped_generator3appNtB4_3App14sanitize_input
FNDA:12,_RNvMs_NtCsaEqTgPazcIc_21skillcapped_generator3appNtB4_3App14toggle_version
FNDA:32,_RNvMs_NtCsaEqTgPazcIc_21skillcapped_generator3appNtB4_3App16get_addon_config
FNDA:8,_RNvMs_NtCsaEqTgPazcIc_21skillcapped_generator3appNtB4_3App20decode_import_string
FNDA:78,_RNvMs_NtCsaEqTgPazcIc_21skillcapped_generator3appNtB4_3App21is_valid_battlenet_id
FNDA:120,_RNvMs_NtCsaEqTgPazcIc_21skillcapped_generator3appNtB4_3App3new
FNDA:352,_RNvMs_NtCsaEqTgPazcIc_21skillcapped_generator3appNtB4_3App8add_char
FNDA:0,_RNvXNtCsaEqTgPazcIc_21skillcapped_generator3appNtB2_3AppNtNtCseoI69Q14PwV_4core7default7Default7default
FNDA:12,_RNCNvMs_NtCsaEqTgPazcIc_21skillcapped_generator3appNtB6_3App14get_wa_configs0B8_
FNDA:12,_RNCNvMs_NtCsaEqTgPazcIc_21skillcapped_generator3appNtB6_3App14get_wa_configss0_0B8_
FNDA:16,_RNCNvMs_NtCsaEqTgPazcIc_21skillcapped_generator3appNtB6_3App14get_wa_configss1_0B8_
FNDA:16,_RNCNvMs_NtCsaEqTgPazcIc_21skillcapped_generator3appNtB6_3App14get_wa_configss_0B8_
FNDA:306,_RNCNvMs_NtCsaEqTgPazcIc_21skillcapped_generator3appNtB6_3App14sanitize_input0B8_
FNDA:218,_RNCNvMs_NtCsaEqTgPazcIc_21skillcapped_generator3appNtB6_3App20decode_import_string0B8_
FNDA:0,_RNCNvMs_NtCsaEqTgPazcIc_21skillcapped_generator3appNtB6_3App20decode_import_strings_0B8_
FNDA:342,_RNCNvMs_NtCsaEqTgPazcIc_21skillcapped_generator3appNtB6_3App21is_valid_battlenet_id0B8_
FNDA:146,_RNCNvMs_NtCsaEqTgPazcIc_21skillcapped_generator3appNtB6_3App21is_valid_battlenet_ids_0B8_
FNDA:0,_RNCNvMs_NtCsgoF65WXF5Sm_21skillcapped_generator3appNtB6_3App14get_wa_configs0B8_
FNDA:0,_RNCNvMs_NtCsgoF65WXF5Sm_21skillcapped_generator3appNtB6_3App14get_wa_configss0_0B8_
FNDA:0,_RNCNvMs_NtCsgoF65WXF5Sm_21skillcapped_generator3appNtB6_3App14get_wa_configss1_0B8_
FNDA:0,_RNCNvMs_NtCsgoF65WXF5Sm_21skillcapped_generator3appNtB6_3App14get_wa_configss_0B8_
FNDA:0,_RNCNvMs_NtCsgoF65WXF5Sm_21skillcapped_generator3appNtB6_3App14sanitize_input0B8_
FNDA:0,_RNCNvMs_NtCsgoF65WXF5Sm_21skillcapped_generator3appNtB6_3App20decode_import_string0B8_
FNDA:0,_RNCNvMs_NtCsgoF65WXF5Sm_21skillcapped_generator3appNtB6_3App20decode_import_strings_0B8_
FNDA:0,_RNCNvMs_NtCsgoF65WXF5Sm_21skillcapped_generator3appNtB6_3App21is_valid_battlenet_id0B8_
FNDA:0,_RNCNvMs_NtCsgoF65WXF5Sm_21skillcapped_generator3appNtB6_3App21is_valid_battlenet_ids_0B8_
FNDA:0,_RNvMs_NtCsgoF65WXF5Sm_21skillcapped_generator3appNtB4_3App11remove_char
FNDA:0,_RNvMs_NtCsgoF65WXF5Sm_21skillcapped_generator3appNtB4_3App11reset_input
FNDA:0,_RNvMs_NtCsgoF65WXF5Sm_21skillcapped_generator3appNtB4_3App13generate_code
FNDA:0,_RNvMs_NtCsgoF65WXF5Sm_21skillcapped_generator3appNtB4_3App13validate_code
FNDA:0,_RNvMs_NtCsgoF65WXF5Sm_21skillcapped_generator3appNtB4_3App14get_wa_configs
FNDA:0,_RNvMs_NtCsgoF65WXF5Sm_21skillcapped_generator3appNtB4_3App14sanitize_input
FNDA:0,_RNvMs_NtCsgoF65WXF5Sm_21skillcapped_generator3appNtB4_3App14toggle_version
FNDA:0,_RNvMs_NtCsgoF65WXF5Sm_21skillcapped_generator3appNtB4_3App16get_addon_config
FNDA:0,_RNvMs_NtCsgoF65WXF5Sm_21skillcapped_generator3appNtB4_3App20decode_import_string
FNDA:0,_RNvMs_NtCsgoF65WXF5Sm_21skillcapped_generator3appNtB4_3App21is_valid_battlenet_id
FNDA:0,_RNvMs_NtCsgoF65WXF5Sm_21skillcapped_generator3appNtB4_3App3new
FNDA:0,_RNvMs_NtCsgoF65WXF5Sm_21skillcapped_generator3appNtB4_3App8add_char
FNDA:0,_RNvXNtCsgoF65WXF5Sm_21skillcapped_generator3appNtB2_3AppNtNtCseoI69Q14PwV_4core7default7Default7default
FNDA:0,_RNCNvMs_NtCsnNe3crDoqn_21skillcapped_generator3appNtB6_3App14get_wa_configs0B8_
FNDA:0,_RNCNvMs_NtCsnNe3crDoqn_21skillcapped_generator3appNtB6_3App14get_wa_configss0_0B8_
FNDA:0,_RNCNvMs_NtCsnNe3crDoqn_21skillcapped_generator3appNtB6_3App14get_wa_configss1_0B8_
FNDA:0,_RNCNvMs_NtCsnNe3crDoqn_21skillcapped_generator3appNtB6_3App14get_wa_configss_0B8_
FNDA:0,_RNCNvMs_NtCsnNe3crDoqn_21skillcapped_generator3appNtB6_3App14sanitize_input0B8_
FNDA:0,_RNCNvMs_NtCsnNe3crDoqn_21skillcapped_generator3appNtB6_3App20decode_import_string0B8_
FNDA:0,_RNCNvMs_NtCsnNe3crDoqn_21skillcapped_generator3appNtB6_3App20decode_import_strings_0B8_
FNDA:0,_RNCNvMs_NtCsnNe3crDoqn_21skillcapped_generator3appNtB6_3App21is_valid_battlenet_id0B8_
FNDA:0,_RNCNvMs_NtCsnNe3crDoqn_21skillcapped_generator3appNtB6_3App21is_valid_battlenet_ids_0B8_
FNDA:0,_RNvMs_NtCsnNe3crDoqn_21skillcapped_generator3appNtB4_3App11remove_char
FNDA:0,_RNvMs_NtCsnNe3crDoqn_21skillcapped_generator3appNtB4_3App11reset_input
FNDA:0,_RNvMs_NtCsnNe3crDoqn_21skillcapped_generator3appNtB4_3App13generate_code
FNDA:0,_RNvMs_NtCsnNe3crDoqn_21skillcapped_generator3appNtB4_3App13validate_code
FNDA:0,_RNvMs_NtCsnNe3crDoqn_21skillcapped_generator3appNtB4_3App14get_wa_configs
FNDA:0,_RNvMs_NtCsnNe3crDoqn_21skillcapped_generator3appNtB4_3App14sanitize_input
FNDA:0,_RNvMs_NtCsnNe3crDoqn_21skillcapped_generator3appNtB4_3App14toggle_version
FNDA:0,_RNvMs_NtCsnNe3crDoqn_21skillcapped_generator3appNtB4_3App16get_addon_config
FNDA:0,_RNvMs_NtCsnNe3crDoqn_21skillcapped_generator3appNtB4_3App20decode_import_string
FNDA:0,_RNvMs_NtCsnNe3crDoqn_21skillcapped_generator3appNtB4_3App21is_valid_battlenet_id
FNDA:0,_RNvMs_NtCsnNe3crDoqn_21skillcapped_generator3appNtB4_3App3new
FNDA:0,_RNvMs_NtCsnNe3crDoqn_21skillcapped_generator3appNtB4_3App8add_char
FNDA:0,_RNvXNtCsnNe3crDoqn_21skillcapped_generator3appNtB2_3AppNtNtCseoI69Q14PwV_4core7default7Default7default
FNDA:0,_RNCNvMs_NtCscC6JkBlrp9X_21skillcapped_generator3appNtB6_3App14get_wa_configs0B8_
FNDA:0,_RNCNvMs_NtCscC6JkBlrp9X_21skillcapped_generator3appNtB6_3App14get_wa_configss0_0B8_
FNDA:0,_RNCNvMs_NtCscC6JkBlrp9X_21skillcapped_generator3appNtB6_3App14get_wa_configss1_0B8_
FNDA:0,_RNCNvMs_NtCscC6JkBlrp9X_21skillcapped_generator3appNtB6_3App14get_wa_configss_0B8_
FNDA:0,_RNCNvMs_NtCscC6JkBlrp9X_21skillcapped_generator3appNtB6_3App20decode_import_string0B8_
FNDA:0,_RNCNvMs_NtCscC6JkBlrp9X_21skillcapped_generator3appNtB6_3App20decode_import_strings_0B8_
FNDA:0,_RNvMs_NtCscC6JkBlrp9X_21skillcapped_generator3appNtB4_3App13validate_code
FNDA:0,_RNvMs_NtCscC6JkBlrp9X_21skillcapped_generator3appNtB4_3App14get_wa_configs
FNDA:0,_RNvMs_NtCscC6JkBlrp9X_21skillcapped_generator3appNtB4_3App20decode_import_string
FNDA:0,_RNvXNtCscC6JkBlrp9X_21skillcapped_generator3appNtB2_3AppNtNtCseoI69Q14PwV_4core7default7Default7default
FNDA:0,_RNCNvMs_NtCscC6JkBlrp9X_21skillcapped_generator3appNtB6_3App14sanitize_input0B8_
FNDA:0,_RNCNvMs_NtCscC6JkBlrp9X_21skillcapped_generator3appNtB6_3App21is_valid_battlenet_id0B8_
FNDA:0,_RNCNvMs_NtCscC6JkBlrp9X_21skillcapped_generator3appNtB6_3App21is_valid_battlenet_ids_0B8_
FNDA:0,_RNvMs_NtCscC6JkBlrp9X_21skillcapped_generator3appNtB4_3App11remove_char
FNDA:0,_RNvMs_NtCscC6JkBlrp9X_21skillcapped_generator3appNtB4_3App11reset_input
FNDA:0,_RNvMs_NtCscC6JkBlrp9X_21skillcapped_generator3appNtB4_3App13generate_code
FNDA:0,_RNvMs_NtCscC6JkBlrp9X_21skillcapped_generator3appNtB4_3App14sanitize_input
FNDA:0,_RNvMs_NtCscC6JkBlrp9X_21skillcapped_generator3appNtB4_3App14toggle_version
FNDA:0,_RNvMs_NtCscC6JkBlrp9X_21skillcapped_generator3appNtB4_3App16get_addon_config
FNDA:0,_RNvMs_NtCscC6JkBlrp9X_21skillcapped_generator3appNtB4_3App21is_valid_battlenet_id
FNDA:0,_RNvMs_NtCscC6JkBlrp9X_21skillcapped_generator3appNtB4_3App3new
FNDA:0,_RNvMs_NtCscC6JkBlrp9X_21skillcapped_generator3appNtB4_3App8add_char
FNF:22
FNH:20
DA:13,0
DA:14,0
DA:15,0
DA:19,120
DA:20,120
DA:21,120
DA:22,120
DA:23,120
DA:24,120
DA:25,120
DA:26,120
DA:27,120
DA:29,32
DA:30,32
DA:31,32
DA:33,12
DA:34,12
DA:35,12
DA:36,8
DA:37,0
DA:39,12
DA:41,352
DA:42,352
DA:43,352
DA:44,352
DA:46,22
DA:47,22
DA:48,22
DA:50,12
DA:51,12
DA:52,306
DA:53,12
DA:55,78
DA:56,78
DA:57,16
DA:58,62
DA:60,62
DA:61,62
DA:62,16
DA:63,46
DA:65,46
DA:66,46
DA:69,342
DA:70,4
DA:71,42
DA:74,146
DA:75,78
DA:77,32
DA:78,32
DA:80,32
DA:81,32
DA:82,4
DA:83,28
DA:84,32
DA:86,32
DA:87,32
DA:89,8
DA:90,8
DA:91,6
DA:92,6
DA:93,6
DA:95,6
DA:96,6
DA:98,6
DA:99,6
DA:100,6
DA:101,6
DA:102,6
DA:105,22
DA:106,20
DA:107,4
DA:108,16
DA:110,2
DA:112,2
DA:114,8
DA:116,32
DA:117,32
DA:118,32
DA:119,0
DA:121,32
DA:123,8
DA:124,8
DA:125,8
DA:126,218
DA:127,8
DA:129,8
DA:130,6
DA:131,2
DA:133,8
DA:135,2
DA:136,2
DA:137,2
DA:138,12
DA:139,2
DA:140,2
DA:141,2
DA:142,16
DA:143,2
DA:144,2
DA:146,2
DA:147,2
DA:148,12
DA:149,2
DA:150,2
DA:151,2
DA:152,16
DA:153,2
DA:154,2
DA:156,2
DA:157,2
BRF:0
BRH:0
LF:119
LH:113
end_of_record
SF:F:\Projects\Rust\skillcapped-generator\src\input.rs
FN:40,_RNvNtCsaEqTgPazcIc_21skillcapped_generator5input13has_modifiers
FN:46,_RNvNtCsaEqTgPazcIc_21skillcapped_generator5input16handle_copy_code
FN:6,_RNvNtCsaEqTgPazcIc_21skillcapped_generator5input16handle_key_event
FN:85,_RNvNtCsaEqTgPazcIc_21skillcapped_generator5input16open_github_link
FN:64,_RNvNtCsaEqTgPazcIc_21skillcapped_generator5input25handle_paste_battlenet_id
FN:40,_RNvNtCsgoF65WXF5Sm_21skillcapped_generator5input13has_modifiers
FN:46,_RNvNtCsgoF65WXF5Sm_21skillcapped_generator5input16handle_copy_code
FN:6,_RNvNtCsgoF65WXF5Sm_21skillcapped_generator5input16handle_key_event
FN:85,_RNvNtCsgoF65WXF5Sm_21skillcapped_generator5input16open_github_link
FN:64,_RNvNtCsgoF65WXF5Sm_21skillcapped_generator5input25handle_paste_battlenet_id
FN:40,_RNvNtCsnNe3crDoqn_21skillcapped_generator5input13has_modifiers
FN:46,_RNvNtCsnNe3crDoqn_21skillcapped_generator5input16handle_copy_code
FN:6,_RNvNtCsnNe3crDoqn_21skillcapped_generator5input16handle_key_event
FN:85,_RNvNtCsnNe3crDoqn_21skillcapped_generator5input16open_github_link
FN:64,_RNvNtCsnNe3crDoqn_21skillcapped_generator5input25handle_paste_battlenet_id
FN:40,_RNvNtCscC6JkBlrp9X_21skillcapped_generator5input13has_modifiers
FN:46,_RNvNtCscC6JkBlrp9X_21skillcapped_generator5input16handle_copy_code
FN:6,_RNvNtCscC6JkBlrp9X_21skillcapped_generator5input16handle_key_event
FN:85,_RNvNtCscC6JkBlrp9X_21skillcapped_generator5input16open_github_link
FN:64,_RNvNtCscC6JkBlrp9X_21skillcapped_generator5input25handle_paste_battlenet_id
FNDA:160,_RNvNtCsaEqTgPazcIc_21skillcapped_generator5input13has_modifiers
FNDA:10,_RNvNtCsaEqTgPazcIc_21skillcapped_generator5input16handle_copy_code
FNDA:226,_RNvNtCsaEqTgPazcIc_21skillcapped_generator5input16handle_key_event
FNDA:2,_RNvNtCsaEqTgPazcIc_21skillcapped_generator5input16open_github_link
FNDA:6,_RNvNtCsaEqTgPazcIc_21skillcapped_generator5input25handle_paste_battlenet_id
FNDA:0,_RNvNtCsgoF65WXF5Sm_21skillcapped_generator5input13has_modifiers
FNDA:0,_RNvNtCsgoF65WXF5Sm_21skillcapped_generator5input16handle_copy_code
FNDA:0,_RNvNtCsgoF65WXF5Sm_21skillcapped_generator5input16handle_key_event
FNDA:0,_RNvNtCsgoF65WXF5Sm_21skillcapped_generator5input16open_github_link
FNDA:0,_RNvNtCsgoF65WXF5Sm_21skillcapped_generator5input25handle_paste_battlenet_id
FNDA:0,_RNvNtCsnNe3crDoqn_21skillcapped_generator5input13has_modifiers
FNDA:0,_RNvNtCsnNe3crDoqn_21skillcapped_generator5input16handle_copy_code
FNDA:0,_RNvNtCsnNe3crDoqn_21skillcapped_generator5input16handle_key_event
FNDA:0,_RNvNtCsnNe3crDoqn_21skillcapped_generator5input16open_github_link
FNDA:0,_RNvNtCsnNe3crDoqn_21skillcapped_generator5input25handle_paste_battlenet_id
FNDA:0,_RNvNtCscC6JkBlrp9X_21skillcapped_generator5input13has_modifiers
FNDA:0,_RNvNtCscC6JkBlrp9X_21skillcapped_generator5input16handle_copy_code
FNDA:0,_RNvNtCscC6JkBlrp9X_21skillcapped_generator5input16handle_key_event
FNDA:0,_RNvNtCscC6JkBlrp9X_21skillcapped_generator5input16open_github_link
FNDA:0,_RNvNtCscC6JkBlrp9X_21skillcapped_generator5input25handle_paste_battlenet_id
FNF:5
FNH:5
DA:6,226
DA:7,12
DA:8,160
DA:9,128
DA:10,128
DA:11,18
DA:12,18
DA:13,18
DA:14,8
DA:15,8
DA:16,8
DA:17,10
DA:18,10
DA:19,10
DA:20,6
DA:21,6
DA:22,6
DA:23,12
DA:24,10
DA:25,10
DA:26,6
DA:27,6
DA:28,6
DA:29,2
DA:30,2
DA:31,2
DA:32,4
DA:33,4
DA:35,34
DA:37,222
DA:38,226
DA:40,160
DA:41,160
DA:42,134
DA:43,130
DA:44,160
DA:46,10
DA:47,10
DA:48,6
DA:49,4
DA:51,4
DA:52,0
DA:55,4
DA:56,0
DA:59,4
DA:60,4
DA:61,4
DA:62,10
DA:64,6
DA:65,6
DA:66,0
DA:69,6
DA:70,0
DA:74,6
DA:77,216
DA:78,216
DA:79,216
DA:82,6
DA:83,6
DA:85,2
DA:86,2
DA:89,2
DA:90,2
DA:91,2
DA:92,2
DA:93,2
DA:104,2
BRF:0
BRH:0
LF:67
LH:63
end_of_record
SF:F:\Projects\Rust\skillcapped-generator\src\main.rs
FN:8,_RNvCsgoF65WXF5Sm_21skillcapped_generator4main
FN:8,_RNvCscC6JkBlrp9X_21skillcapped_generator4main
FNDA:0,_RNvCsgoF65WXF5Sm_21skillcapped_generator4main
FNDA:0,_RNvCscC6JkBlrp9X_21skillcapped_generator4main
FNF:1
FNH:0
DA:8,0
DA:9,0
DA:10,0
DA:11,0
DA:13,0
DA:14,0
DA:15,0
DA:17,0
DA:18,0
BRF:0
BRH:0
LF:9
LH:0
end_of_record
SF:F:\Projects\Rust\skillcapped-generator\src\terminal.rs
FN:17,_RINvNtCsgoF65WXF5Sm_21skillcapped_generator8terminal7run_apppEB4_
FN:26,_RNCINvNtCsgoF65WXF5Sm_21skillcapped_generator8terminal7run_apppE0B6_
FN:53,_RNvNtCsgoF65WXF5Sm_21skillcapped_generator8terminal14setup_terminal
FN:62,_RNvNtCsgoF65WXF5Sm_21skillcapped_generator8terminal16restore_terminal
FN:71,_RNvNtCsgoF65WXF5Sm_21skillcapped_generator8terminal20update_copy_feedback
FN:17,_RINvNtCsnNe3crDoqn_21skillcapped_generator8terminal7run_apppEB4_
FN:26,_RNCINvNtCsnNe3crDoqn_21skillcapped_generator8terminal7run_apppE0B6_
FN:53,_RNvNtCsnNe3crDoqn_21skillcapped_generator8terminal14setup_terminal
FN:62,_RNvNtCsnNe3crDoqn_21skillcapped_generator8terminal16restore_terminal
FN:71,_RNvNtCsnNe3crDoqn_21skillcapped_generator8terminal20update_copy_feedback
FN:17,_RINvNtCscC6JkBlrp9X_21skillcapped_generator8terminal7run_appINtNtNtCsfW8eXcp3cy3_7ratatui7backend9crossterm16CrosstermBackendNtNtNtCsjiYb6geVrUt_3std2io5stdio6StdoutEEB4_
FN:26,_RNCINvNtCscC6JkBlrp9X_21skillcapped_generator8terminal7run_appINtNtNtCsfW8eXcp3cy3_7ratatui7backend9crossterm16CrosstermBackendNtNtNtCsjiYb6geVrUt_3std2io5stdio6StdoutEE0B6_
FN:53,_RNvNtCscC6JkBlrp9X_21skillcapped_generator8terminal14setup_terminal
FN:62,_RNvNtCscC6JkBlrp9X_21skillcapped_generator8terminal16restore_terminal
FN:71,_RNvNtCscC6JkBlrp9X_21skillcapped_generator8terminal20update_copy_feedback
FN:17,_RINvNtCsaEqTgPazcIc_21skillcapped_generator8terminal7run_appNtNtNtCsfW8eXcp3cy3_7ratatui7backend4test11TestBackendECs2cfKgsoapJp_14terminal_tests
FN:26,_RNCINvNtCsaEqTgPazcIc_21skillcapped_generator8terminal7run_appNtNtNtCsfW8eXcp3cy3_7ratatui7backend4test11TestBackendE0Cs2cfKgsoapJp_14terminal_tests
FN:53,_RNvNtCsaEqTgPazcIc_21skillcapped_generator8terminal14setup_terminal
FN:62,_RNvNtCsaEqTgPazcIc_21skillcapped_generator8terminal16restore_terminal
FN:71,_RNvNtCsaEqTgPazcIc_21skillcapped_generator8terminal20update_copy_feedback
FNDA:0,_RINvNtCsgoF65WXF5Sm_21skillcapped_generator8terminal7run_apppEB4_
FNDA:0,_RNCINvNtCsgoF65WXF5Sm_21skillcapped_generator8terminal7run_apppE0B6_
FNDA:0,_RNvNtCsgoF65WXF5Sm_21skillcapped_generator8terminal14setup_terminal
FNDA:0,_RNvNtCsgoF65WXF5Sm_21skillcapped_generator8terminal16restore_terminal
FNDA:0,_RNvNtCsgoF65WXF5Sm_21skillcapped_generator8terminal20update_copy_feedback
FNDA:0,_RINvNtCsnNe3crDoqn_21skillcapped_generator8terminal7run_apppEB4_
FNDA:0,_RNCINvNtCsnNe3crDoqn_21skillcapped_generator8terminal7run_apppE0B6_
FNDA:0,_RNvNtCsnNe3crDoqn_21skillcapped_generator8terminal14setup_terminal
FNDA:0,_RNvNtCsnNe3crDoqn_21skillcapped_generator8terminal16restore_terminal
FNDA:0,_RNvNtCsnNe3crDoqn_21skillcapped_generator8terminal20update_copy_feedback
FNDA:0,_RINvNtCscC6JkBlrp9X_21skillcapped_generator8terminal7run_appINtNtNtCsfW8eXcp3cy3_7ratatui7backend9crossterm16CrosstermBackendNtNtNtCsjiYb6geVrUt_3std2io5stdio6StdoutEEB4_
FNDA:0,_RNCINvNtCscC6JkBlrp9X_21skillcapped_generator8terminal7run_appINtNtNtCsfW8eXcp3cy3_7ratatui7backend9crossterm16CrosstermBackendNtNtNtCsjiYb6geVrUt_3std2io5stdio6StdoutEE0B6_
FNDA:0,_RNvNtCscC6JkBlrp9X_21skillcapped_generator8terminal14setup_terminal
FNDA:0,_RNvNtCscC6JkBlrp9X_21skillcapped_generator8terminal16restore_terminal
FNDA:0,_RNvNtCscC6JkBlrp9X_21skillcapped_generator8terminal20update_copy_feedback
FNDA:0,_RINvNtCsaEqTgPazcIc_21skillcapped_generator8terminal7run_appNtNtNtCsfW8eXcp3cy3_7ratatui7backend4test11TestBackendECs2cfKgsoapJp_14terminal_tests
FNDA:0,_RNCINvNtCsaEqTgPazcIc_21skillcapped_generator8terminal7run_appNtNtNtCsfW8eXcp3cy3_7ratatui7backend4test11TestBackendE0Cs2cfKgsoapJp_14terminal_tests
FNDA:0,_RNvNtCsaEqTgPazcIc_21skillcapped_generator8terminal14setup_terminal
FNDA:0,_RNvNtCsaEqTgPazcIc_21skillcapped_generator8terminal16restore_terminal
FNDA:20,_RNvNtCsaEqTgPazcIc_21skillcapped_generator8terminal20update_copy_feedback
FNF:5
FNH:1
DA:17,0
DA:18,0
DA:19,0
DA:23,0
DA:26,0
DA:29,0
DA:30,0
DA:31,0
DA:33,0
DA:34,0
DA:35,0
DA:37,0
DA:38,0
DA:39,0
DA:41,0
DA:42,0
DA:43,0
DA:44,0
DA:46,0
DA:49,0
DA:51,0
DA:53,0
DA:54,0
DA:55,0
DA:56,0
DA:57,0
DA:58,0
DA:59,0
DA:60,0
DA:62,0
DA:63,0
DA:64,0
DA:65,0
DA:66,0
DA:67,0
DA:68,0
DA:69,0
DA:71,20
DA:72,20
DA:73,16
DA:74,8
DA:75,8
DA:76,12
DA:77,20
BRF:0
BRH:0
LF:45
LH:7
end_of_record
SF:F:\Projects\Rust\skillcapped-generator\src\ui.rs
FN:244,_RNCNvNtCsaEqTgPazcIc_21skillcapped_generator2ui13get_code_info0B5_
FN:240,_RNvNtCsaEqTgPazcIc_21skillcapped_generator2ui13get_code_info
FN:92,_RNvNtCsaEqTgPazcIc_21skillcapped_generator2ui17draw_code_section
FN:115,_RNvNtCsaEqTgPazcIc_21skillcapped_generator2ui17draw_help_section
FN:206,_RNvNtCsaEqTgPazcIc_21skillcapped_generator2ui17get_input_styling
FN:33,_RNvNtCsaEqTgPazcIc_21skillcapped_generator2ui18draw_input_section
FN:216,_RNvNtCsaEqTgPazcIc_21skillcapped_generator2ui19create_version_span
FN:175,_RNvNtCsaEqTgPazcIc_21skillcapped_generator2ui19draw_footer_section
FN:68,_RNvNtCsaEqTgPazcIc_21skillcapped_generator2ui20draw_version_section
FN:11,_RNvNtCsaEqTgPazcIc_21skillcapped_generator2ui7draw_ui
FN:244,_RNCNvNtCsgoF65WXF5Sm_21skillcapped_generator2ui13get_code_info0B5_
FN:240,_RNvNtCsgoF65WXF5Sm_21skillcapped_generator2ui13get_code_info
FN:92,_RNvNtCsgoF65WXF5Sm_21skillcapped_generator2ui17draw_code_section
FN:115,_RNvNtCsgoF65WXF5Sm_21skillcapped_generator2ui17draw_help_section
FN:206,_RNvNtCsgoF65WXF5Sm_21skillcapped_generator2ui17get_input_styling
FN:33,_RNvNtCsgoF65WXF5Sm_21skillcapped_generator2ui18draw_input_section
FN:216,_RNvNtCsgoF65WXF5Sm_21skillcapped_generator2ui19create_version_span
FN:175,_RNvNtCsgoF65WXF5Sm_21skillcapped_generator2ui19draw_footer_section
FN:68,_RNvNtCsgoF65WXF5Sm_21skillcapped_generator2ui20draw_version_section
FN:11,_RNvNtCsgoF65WXF5Sm_21skillcapped_generator2ui7draw_ui
FN:244,_RNCNvNtCsnNe3crDoqn_21skillcapped_generator2ui13get_code_info0B5_
FN:240,_RNvNtCsnNe3crDoqn_21skillcapped_generator2ui13get_code_info
FN:92,_RNvNtCsnNe3crDoqn_21skillcapped_generator2ui17draw_code_section
FN:115,_RNvNtCsnNe3crDoqn_21skillcapped_generator2ui17draw_help_section
FN:206,_RNvNtCsnNe3crDoqn_21skillcapped_generator2ui17get_input_styling
FN:33,_RNvNtCsnNe3crDoqn_21skillcapped_generator2ui18draw_input_section
FN:216,_RNvNtCsnNe3crDoqn_21skillcapped_generator2ui19create_version_span
FN:175,_RNvNtCsnNe3crDoqn_21skillcapped_generator2ui19draw_footer_section
FN:68,_RNvNtCsnNe3crDoqn_21skillcapped_generator2ui20draw_version_section
FN:11,_RNvNtCsnNe3crDoqn_21skillcapped_generator2ui7draw_ui
FN:244,_RNCNvNtCscC6JkBlrp9X_21skillcapped_generator2ui13get_code_info0B5_
FN:240,_RNvNtCscC6JkBlrp9X_21skillcapped_generator2ui13get_code_info
FN:92,_RNvNtCscC6JkBlrp9X_21skillcapped_generator2ui17draw_code_section
FN:115,_RNvNtCscC6JkBlrp9X_21skillcapped_generator2ui17draw_help_section
FN:206,_RNvNtCscC6JkBlrp9X_21skillcapped_generator2ui17get_input_styling
FN:33,_RNvNtCscC6JkBlrp9X_21skillcapped_generator2ui18draw_input_section
FN:216,_RNvNtCscC6JkBlrp9X_21skillcapped_generator2ui19create_version_span
FN:175,_RNvNtCscC6JkBlrp9X_21skillcapped_generator2ui19draw_footer_section
FN:68,_RNvNtCscC6JkBlrp9X_21skillcapped_generator2ui20draw_version_section
FN:11,_RNvNtCscC6JkBlrp9X_21skillcapped_generator2ui7draw_ui
FNDA:0,_RNCNvNtCsaEqTgPazcIc_21skillcapped_generator2ui13get_code_info0B5_
FNDA:26,_RNvNtCsaEqTgPazcIc_21skillcapped_generator2ui13get_code_info
FNDA:26,_RNvNtCsaEqTgPazcIc_21skillcapped_generator2ui17draw_code_section
FNDA:26,_RNvNtCsaEqTgPazcIc_21skillcapped_generator2ui17draw_help_section
FNDA:26,_RNvNtCsaEqTgPazcIc_21skillcapped_generator2ui17get_input_styling
FNDA:26,_RNvNtCsaEqTgPazcIc_21skillcapped_generator2ui18draw_input_section
FNDA:52,_RNvNtCsaEqTgPazcIc_21skillcapped_generator2ui19create_version_span
FNDA:26,_RNvNtCsaEqTgPazcIc_21skillcapped_generator2ui19draw_footer_section
FNDA:26,_RNvNtCsaEqTgPazcIc_21skillcapped_generator2ui20draw_version_section
FNDA:26,_RNvNtCsaEqTgPazcIc_21skillcapped_generator2ui7draw_ui
FNDA:0,_RNCNvNtCsgoF65WXF5Sm_21skillcapped_generator2ui13get_code_info0B5_
FNDA:0,_RNvNtCsgoF65WXF5Sm_21skillcapped_generator2ui13get_code_info
FNDA:0,_RNvNtCsgoF65WXF5Sm_21skillcapped_generator2ui17draw_code_section
FNDA:0,_RNvNtCsgoF65WXF5Sm_21skillcapped_generator2ui17draw_help_section
FNDA:0,_RNvNtCsgoF65WXF5Sm_21skillcapped_generator2ui17get_input_styling
FNDA:0,_RNvNtCsgoF65WXF5Sm_21skillcapped_generator2ui18draw_input_section
FNDA:0,_RNvNtCsgoF65WXF5Sm_21skillcapped_generator2ui19create_version_span
FNDA:0,_RNvNtCsgoF65WXF5Sm_21skillcapped_generator2ui19draw_footer_section
FNDA:0,_RNvNtCsgoF65WXF5Sm_21skillcapped_generator2ui20draw_version_section
FNDA:0,_RNvNtCsgoF65WXF5Sm_21skillcapped_generator2ui7draw_ui
FNDA:0,_RNCNvNtCsnNe3crDoqn_21skillcapped_generator2ui13get_code_info0B5_
FNDA:0,_RNvNtCsnNe3crDoqn_21skillcapped_generator2ui13get_code_info
FNDA:0,_RNvNtCsnNe3crDoqn_21skillcapped_generator2ui17draw_code_section
FNDA:0,_RNvNtCsnNe3crDoqn_21skillcapped_generator2ui17draw_help_section
FNDA:0,_RNvNtCsnNe3crDoqn_21skillcapped_generator2ui17get_input_styling
FNDA:0,_RNvNtCsnNe3crDoqn_21skillcapped_generator2ui18draw_input_section
FNDA:0,_RNvNtCsnNe3crDoqn_21skillcapped_generator2ui19create_version_span
FNDA:0,_RNvNtCsnNe3crDoqn_21skillcapped_generator2ui19draw_footer_section
FNDA:0,_RNvNtCsnNe3crDoqn_21skillcapped_generator2ui20draw_version_section
FNDA:0,_RNvNtCsnNe3crDoqn_21skillcapped_generator2ui7draw_ui
FNDA:0,_RNCNvNtCscC6JkBlrp9X_21skillcapped_generator2ui13get_code_info0B5_
FNDA:0,_RNvNtCscC6JkBlrp9X_21skillcapped_generator2ui13get_code_info
FNDA:0,_RNvNtCscC6JkBlrp9X_21skillcapped_generator2ui17draw_code_section
FNDA:0,_RNvNtCscC6JkBlrp9X_21skillcapped_generator2ui17draw_help_section
FNDA:0,_RNvNtCscC6JkBlrp9X_21skillcapped_generator2ui17get_input_styling
FNDA:0,_RNvNtCscC6JkBlrp9X_21skillcapped_generator2ui18draw_input_section
FNDA:0,_RNvNtCscC6JkBlrp9X_21skillcapped_generator2ui19create_version_span
FNDA:0,_RNvNtCscC6JkBlrp9X_21skillcapped_generator2ui19draw_footer_section
FNDA:0,_RNvNtCscC6JkBlrp9X_21skillcapped_generator2ui20draw_version_section
FNDA:0,_RNvNtCscC6JkBlrp9X_21skillcapped_generator2ui7draw_ui
FNF:10
FNH:9
DA:11,26
DA:12,26
DA:14,26
DA:15,26
DA:16,26
DA:17,26
DA:18,26
DA:19,26
DA:20,26
DA:21,26
DA:22,26
DA:23,26
DA:24,26
DA:26,26
DA:27,26
DA:28,26
DA:29,26
DA:30,26
DA:31,26
DA:33,26
DA:34,26
DA:36,26
DA:37,12
DA:39,14
DA:42,26
DA:43,26
DA:44,26
DA:45,26
DA:47,26
DA:48,26
DA:49,26
DA:51,26
DA:53,26
DA:54,26
DA:55,26
DA:56,26
DA:57,26
DA:58,26
DA:59,26
DA:60,26
DA:62,26
DA:64,26
DA:66,26
DA:68,26
DA:69,26
DA:70,26
DA:71,26
DA:72,26
DA:73,26
DA:76,26
DA:77,26
DA:78,26
DA:79,26
DA:80,26
DA:81,26
DA:82,26
DA:83,26
DA:84,26
DA:86,26
DA:88,26
DA:90,26
DA:92,26
DA:93,26
DA:95,26
DA:96,26
DA:97,26
DA:98,26
DA:100,26
DA:101,26
DA:102,26
DA:103,26
DA:104,26
DA:105,26
DA:106,26
DA:107,26
DA:109,26
DA:111,26
DA:113,26
DA:115,26
DA:116,26
DA:117,26
DA:118,26
DA:120,26
DA:121,26
DA:122,26
DA:124,26
DA:125,26
DA:126,26
DA:128,26
DA:129,26
DA:130,26
DA:132,26
DA:133,26
DA:134,26
DA:136,26
DA:137,26
DA:138,26
DA:140,26
DA:141,26
DA:142,26
DA:144,26
DA:145,26
DA:146,26
DA:148,26
DA:149,26
DA:150,26
DA:152,26
DA:153,26
DA:154,26
DA:156,26
DA:159,26
DA:160,26
DA:161,26
DA:162,26
DA:163,26
DA:164,26
DA:165,26
DA:166,26
DA:167,26
DA:169,26
DA:171,26
DA:173,26
DA:175,26
DA:176,26
DA:177,26
DA:178,26
DA:179,26
DA:181,26
DA:182,26
DA:183,26
DA:185,26
DA:186,26
DA:188,26
DA:189,26
DA:190,26
DA:191,26
DA:193,26
DA:195,26
DA:196,26
DA:197,26
DA:198,26
DA:199,26
DA:200,26
DA:202,26
DA:204,26
DA:206,26
DA:207,26
DA:208,12
DA:209,14
DA:210,10
DA:212,4
DA:214,26
DA:216,52
DA:217,52
DA:218,52
DA:219,26
DA:221,26
DA:224,52
DA:225,52
DA:226,52
DA:227,52
DA:228,26
DA:230,26
DA:232,52
DA:233,26
DA:235,26
DA:238,52
DA:240,26
DA:241,26
DA:242,10
DA:243,10
DA:244,10
DA:246,10
DA:247,2
DA:248,2
DA:250,0
DA:251,8
DA:254,10
DA:256,16
DA:257,16
DA:258,16
DA:259,16
DA:260,16
DA:262,26
BRF:0
BRH:0
LF:185
LH:183
end_of_record